{
  "stats": {
    "suites": 1,
    "tests": 11,
    "passes": 10,
    "pending": 0,
    "failures": 1,
    "start": "2024-10-29T14:43:25.039Z",
    "end": "2024-10-29T14:43:37.353Z",
    "duration": 12314,
    "testsRegistered": 11,
    "passPercent": 90.9090909090909,
    "pendingPercent": 0,
    "other": 0,
    "hasOther": false,
    "skipped": 0,
    "hasSkipped": false
  },
  "results": [
    {
      "uuid": "031dc578-5c0d-4bfc-9aa4-d55e4835df02",
      "title": "",
      "fullFile": "cypress\\e2e\\index.spec.cy.ts",
      "file": "cypress\\e2e\\index.spec.cy.ts",
      "beforeHooks": [],
      "afterHooks": [],
      "tests": [],
      "suites": [
        {
          "uuid": "363343f4-0709-40a4-9698-7c18c1a9979e",
          "title": "Calculator Tests",
          "fullFile": "",
          "file": "",
          "beforeHooks": [],
          "afterHooks": [],
          "tests": [
            {
              "title": "should have the title \"Calculator App\"",
              "fullTitle": "Calculator Tests should have the title \"Calculator App\"",
              "timedOut": null,
              "duration": 579,
              "state": "passed",
              "speed": "fast",
              "pass": true,
              "fail": false,
              "pending": false,
              "context": null,
              "code": "cy.get('title').should('have.text', 'Calculator App');",
              "err": {},
              "uuid": "4410a67a-d404-45e4-9d2a-b81c094842df",
              "parentUUID": "363343f4-0709-40a4-9698-7c18c1a9979e",
              "isHook": false,
              "skipped": false
            },
            {
              "title": "should display 2 when \"1 + 1 = \" is clicked",
              "fullTitle": "Calculator Tests should display 2 when \"1 + 1 = \" is clicked",
              "timedOut": null,
              "duration": 534,
              "state": "passed",
              "speed": "fast",
              "pass": true,
              "fail": false,
              "pending": false,
              "context": null,
              "code": "// Assemble\ncy.get('.key-1').click();\ncy.get('.key-add').click();\ncy.get('.key-1').click();\n// Act\ncy.get('.key-equals').click();\n// Assert\ncy.get('.calculator-display').should('have.text', '2');",
              "err": {},
              "uuid": "61f59a70-0d56-472e-bcf2-a05ac98dd52b",
              "parentUUID": "363343f4-0709-40a4-9698-7c18c1a9979e",
              "isHook": false,
              "skipped": false
            },
            {
              "title": "should multiply by a negative correctly",
              "fullTitle": "Calculator Tests should multiply by a negative correctly",
              "timedOut": null,
              "duration": 587,
              "state": "passed",
              "speed": "fast",
              "pass": true,
              "fail": false,
              "pending": false,
              "context": null,
              "code": "cy.get('.key-subtract').click();\ncy.get('.key-2').click();\ncy.get('.key-multiply').click();\ncy.get('.key-3').click();\ncy.get('.key-equals').click();\ncy.get('.calculator-display').should('have.text', '-6');",
              "err": {},
              "uuid": "7cae76eb-9497-46bf-ada3-e4df1ab96403",
              "parentUUID": "363343f4-0709-40a4-9698-7c18c1a9979e",
              "isHook": false,
              "skipped": false
            },
            {
              "title": "should convert to a negative if number is subtracted from 0",
              "fullTitle": "Calculator Tests should convert to a negative if number is subtracted from 0",
              "timedOut": null,
              "duration": 390,
              "state": "passed",
              "speed": "fast",
              "pass": true,
              "fail": false,
              "pending": false,
              "context": null,
              "code": "cy.get('.key-0');\ncy.get('.key-subtract').click();\ncy.get('.key-5').click();\ncy.get('.key-equals').click();\ncy.get('.calculator-display').should('have.text', '-5');",
              "err": {},
              "uuid": "9fd9cdb3-6bf0-47d8-af57-77bf91855941",
              "parentUUID": "363343f4-0709-40a4-9698-7c18c1a9979e",
              "isHook": false,
              "skipped": false
            },
            {
              "title": "should convert to a positive if two negative numbers multiplied",
              "fullTitle": "Calculator Tests should convert to a positive if two negative numbers multiplied",
              "timedOut": null,
              "duration": 470,
              "state": "passed",
              "speed": "fast",
              "pass": true,
              "fail": false,
              "pending": false,
              "context": null,
              "code": "cy.get('.key-2').click();\ncy.get('.key-sign');\ncy.get('.key-multiply').click();\ncy.get('.key-3').click();\ncy.get('.key-sign');\ncy.get('.key-equals').click();\ncy.get('.calculator-display').should('have.text', '6');",
              "err": {},
              "uuid": "0e87f688-013b-4ee2-a125-f755237d9680",
              "parentUUID": "363343f4-0709-40a4-9698-7c18c1a9979e",
              "isHook": false,
              "skipped": false
            },
            {
              "title": "should convert to a positive if two negative numbers multiplied",
              "fullTitle": "Calculator Tests should convert to a positive if two negative numbers multiplied",
              "timedOut": null,
              "duration": 456,
              "state": "passed",
              "speed": "fast",
              "pass": true,
              "fail": false,
              "pending": false,
              "context": null,
              "code": "cy.get('.key-2').click();\ncy.get('.key-multiply').click();\ncy.get('.key-3').click();\ncy.get('.key-sign');\ncy.get('.key-equals').click();\ncy.get('.calculator-display').should('have.text', '6');",
              "err": {},
              "uuid": "4cfe17f0-5c20-4bbc-a7e9-a93812b490fc",
              "parentUUID": "363343f4-0709-40a4-9698-7c18c1a9979e",
              "isHook": false,
              "skipped": false
            },
            {
              "title": "should throw Infinity if dividing by 0",
              "fullTitle": "Calculator Tests should throw Infinity if dividing by 0",
              "timedOut": null,
              "duration": 463,
              "state": "passed",
              "speed": "fast",
              "pass": true,
              "fail": false,
              "pending": false,
              "context": null,
              "code": "cy.get('.key-5').click();\ncy.get('.key-divide').click();\ncy.get('.key-0').click();\ncy.get('.key-equals').click();\ncy.get('.calculator-display').should('have.text', 'Infinity');",
              "err": {},
              "uuid": "a28318f8-9e8d-4644-93e0-0178d9db954e",
              "parentUUID": "363343f4-0709-40a4-9698-7c18c1a9979e",
              "isHook": false,
              "skipped": false
            },
            {
              "title": "should convert to negative if dividing positive by negative",
              "fullTitle": "Calculator Tests should convert to negative if dividing positive by negative",
              "timedOut": null,
              "duration": 4814,
              "state": "failed",
              "speed": null,
              "pass": false,
              "fail": true,
              "pending": false,
              "context": null,
              "code": "cy.get('.key-4').click();\ncy.get('.key-divide').click();\ncy.get('.key-subtract').click();\ncy.get('.key-2').click();\ncy.get('.key-equals').click();\ncy.get('.calculator-display').should('have.text', '-2');",
              "err": {
                "message": "AssertionError: Timed out retrying after 4000ms: expected '<div.calculator-display>' to have text '-2', but the text was '2'",
                "estack": "AssertionError: Timed out retrying after 4000ms: expected '<div.calculator-display>' to have text '-2', but the text was '2'\n    at Context.eval (webpack://week-8-e2e-testing-activity-template/./cypress/e2e/index.spec.cy.ts:99:34)",
                "diff": "- '2'\n+ '-2'\n"
              },
              "uuid": "d59a6fd4-8b1a-4565-9c71-c1153bdf95fd",
              "parentUUID": "363343f4-0709-40a4-9698-7c18c1a9979e",
              "isHook": false,
              "skipped": false
            },
            {
              "title": "should handle flipping signs",
              "fullTitle": "Calculator Tests should handle flipping signs",
              "timedOut": null,
              "duration": 469,
              "state": "passed",
              "speed": "fast",
              "pass": true,
              "fail": false,
              "pending": false,
              "context": null,
              "code": "cy.get('.key-subtract').click();\ncy.get('.key-2').click();\ncy.get('.key-equals').click();\ncy.get('.calculator-display').should('have.text', '-2');",
              "err": {},
              "uuid": "78405bae-57a3-4e92-88b6-7d4e3720a86e",
              "parentUUID": "363343f4-0709-40a4-9698-7c18c1a9979e",
              "isHook": false,
              "skipped": false
            },
            {
              "title": "should handle decimal math multiplication",
              "fullTitle": "Calculator Tests should handle decimal math multiplication",
              "timedOut": null,
              "duration": 626,
              "state": "passed",
              "speed": "fast",
              "pass": true,
              "fail": false,
              "pending": false,
              "context": null,
              "code": "cy.get('.key-4').click();\ncy.get('.key-multiply').click();\ncy.get('.key-0').click();\ncy.get('.key-dot').click();\ncy.get('.key-5').click();\ncy.get('.key-equals').click();\ncy.get('.calculator-display').should('have.text', '2');",
              "err": {},
              "uuid": "d08d947e-01cc-46d2-b108-c96f8621843a",
              "parentUUID": "363343f4-0709-40a4-9698-7c18c1a9979e",
              "isHook": false,
              "skipped": false
            },
            {
              "title": "should handle decimal division",
              "fullTitle": "Calculator Tests should handle decimal division",
              "timedOut": null,
              "duration": 660,
              "state": "passed",
              "speed": "fast",
              "pass": true,
              "fail": false,
              "pending": false,
              "context": null,
              "code": "cy.get('.key-4').click();\ncy.get('.key-divide').click();\ncy.get('.key-0').click();\ncy.get('.key-dot').click();\ncy.get('.key-5').click();\ncy.get('.key-equals').click();\ncy.get('.calculator-display').should('have.text', '8');",
              "err": {},
              "uuid": "dcd04404-c25f-4c33-8530-ba2fbe21e3a9",
              "parentUUID": "363343f4-0709-40a4-9698-7c18c1a9979e",
              "isHook": false,
              "skipped": false
            }
          ],
          "suites": [],
          "passes": [
            "4410a67a-d404-45e4-9d2a-b81c094842df",
            "61f59a70-0d56-472e-bcf2-a05ac98dd52b",
            "7cae76eb-9497-46bf-ada3-e4df1ab96403",
            "9fd9cdb3-6bf0-47d8-af57-77bf91855941",
            "0e87f688-013b-4ee2-a125-f755237d9680",
            "4cfe17f0-5c20-4bbc-a7e9-a93812b490fc",
            "a28318f8-9e8d-4644-93e0-0178d9db954e",
            "78405bae-57a3-4e92-88b6-7d4e3720a86e",
            "d08d947e-01cc-46d2-b108-c96f8621843a",
            "dcd04404-c25f-4c33-8530-ba2fbe21e3a9"
          ],
          "failures": [
            "d59a6fd4-8b1a-4565-9c71-c1153bdf95fd"
          ],
          "pending": [],
          "skipped": [],
          "duration": 10048,
          "root": false,
          "rootEmpty": false,
          "_timeout": 2000
        }
      ],
      "passes": [],
      "failures": [],
      "pending": [],
      "skipped": [],
      "duration": 0,
      "root": true,
      "rootEmpty": true,
      "_timeout": 2000
    }
  ],
  "meta": {
    "mocha": {
      "version": "7.0.1"
    },
    "mochawesome": {
      "options": {
        "quiet": false,
        "reportFilename": "mochawesome",
        "saveHtml": true,
        "saveJson": true,
        "consoleReporter": "spec",
        "useInlineDiffs": false,
        "code": true
      },
      "version": "7.1.3"
    },
    "marge": {
      "options": {
        "reportDir": "cypress/results",
        "overwrite": true,
        "html": true,
        "json": true
      },
      "version": "6.2.0"
    }
  }
}